<?xml version="1.0" encoding="UTF-8"?>
<!-- Generated by org.testng.reporters.JUnitXMLReporter -->
<testsuite ignored="3" hostname="LIN76005271" failures="0" tests="5" name="demoTestClasses" time="0.118" errors="0" timestamp="2024-11-10T21:36:44 IST">
  <testcase classname="com.sai.demoTest2.NrewTest" name="test1" time="0.009"/>
  <testcase classname="com.sai.demoTest2.NrewTest" name="test2" time="0.002"/>
  <testcase classname="com.sai.demoTest2.NrewTest" name="test3" time="0.001"/>
  <testcase classname="com.sai.demoTest2.NrewTest2" name="test1" time="0.001"/>
  <testcase classname="com.sai.demoTest2.NrewTest2" name="test4" time="0.001"/>
  <testcase classname="com.sai.demoTest2.NrewTest" name="test4" time="0.0">
    <ignored/>
  </testcase> <!-- test4 -->
  <testcase classname="com.sai.demoTest2.NrewTest2" name="test2" time="0.0">
    <ignored/>
  </testcase> <!-- test2 -->
  <testcase classname="com.sai.demoTest2.NrewTest2" name="test3" time="0.0">
    <ignored/>
  </testcase> <!-- test3 -->
</testsuite> <!-- demoTestClasses -->
