<?xml version="1.0" encoding="UTF-8"?>
<!-- Generated by org.testng.reporters.JUnitXMLReporter -->
<testsuite ignored="0" hostname="LIN76005271" failures="0" tests="6" name="Test" time="32.565" errors="0" timestamp="2024-11-11T15:15:07 IST">
  <testcase classname="com.sai.test.Dataproviderdemo2" name="dataprovider" time="11.39"/>
  <testcase classname="com.sai.test.Dataproviderdemo2" name="dataprovider" time="12.559"/>
  <testcase classname="com.sai.test.Dataproviderdemo2" name="dataprovider" time="9.112"/>
  <testcase classname="com.sai.test.Dataproviderdemo2" name="dataprovider" time="9.484"/>
  <testcase classname="com.sai.test.Dataproviderdemo2" name="dataprovider" time="9.635"/>
  <testcase classname="com.sai.test.Dataproviderdemo2" name="dataprovider" time="10.437"/>
</testsuite> <!-- Test -->
