<?xml version="1.0" encoding="UTF-8"?>
<!-- Generated by org.testng.reporters.JUnitXMLReporter -->
<testsuite ignored="1" hostname="LIN76005271" failures="0" tests="3" name="test case 1" time="51.085" errors="0" timestamp="2024-11-10T14:48:59 IST">
  <testcase classname="com.sai.test.OrangeHRM" name="lauchBrowser" time="7.363"/>
  <testcase classname="com.sai.test.OrangeHRM" name="login" time="3.014"/>
  <testcase classname="com.sai.test.OrangeHRM" name="myinfo" time="2.344"/>
  <testcase classname="com.sai.test.OrangeHRM" name="verifyDetails" time="0.0">
    <ignored/>
  </testcase> <!-- verifyDetails -->
</testsuite> <!-- test case 1 -->
