<?xml version="1.0" encoding="UTF-8"?>
<testng-results ignored="0" total="6" passed="6" failed="0" skipped="0">
  <reporter-output>
  </reporter-output>
  <suite started-at="2024-11-11T15:14:34 IST" name="Suite" finished-at="2024-11-11T15:15:07 IST" duration-ms="32565">
    <groups>
    </groups>
    <test started-at="2024-11-11T15:14:34 IST" name="Test" finished-at="2024-11-11T15:15:07 IST" duration-ms="32565">
      <class name="com.sai.test.Dataproviderdemo2">
        <test-method signature="dataprovider(java.lang.String,java.lang.String)[pri:0, instance:com.sai.test.Dataproviderdemo2@747ddf94]" started-at="2024-11-11T15:14:34 IST" name="dataprovider" data-provider="testingData" finished-at="2024-11-11T15:14:46 IST" duration-ms="11390" status="PASS">
          <params>
            <param index="0">
              <value>
                <![CDATA[Admin]]>
              </value>
            </param>
            <param index="1">
              <value>
                <![CDATA[admin123]]>
              </value>
            </param>
          </params>
          <reporter-output>
          </reporter-output>
        </test-method> <!-- dataprovider -->
        <test-method signature="dataprovider(java.lang.String,java.lang.String)[pri:0, instance:com.sai.test.Dataproviderdemo2@747ddf94]" started-at="2024-11-11T15:14:34 IST" name="dataprovider" data-provider="testingData" finished-at="2024-11-11T15:14:47 IST" duration-ms="12559" status="PASS">
          <params>
            <param index="0">
              <value>
                <![CDATA[Admin]]>
              </value>
            </param>
            <param index="1">
              <value>
                <![CDATA[test123]]>
              </value>
            </param>
          </params>
          <reporter-output>
          </reporter-output>
        </test-method> <!-- dataprovider -->
        <test-method signature="dataprovider(java.lang.String,java.lang.String)[pri:0, instance:com.sai.test.Dataproviderdemo2@747ddf94]" started-at="2024-11-11T15:14:46 IST" name="dataprovider" data-provider="testingData" finished-at="2024-11-11T15:14:55 IST" duration-ms="9112" status="PASS">
          <params>
            <param index="0">
              <value>
                <![CDATA[Admin1]]>
              </value>
            </param>
            <param index="1">
              <value>
                <![CDATA[admin123]]>
              </value>
            </param>
          </params>
          <reporter-output>
          </reporter-output>
        </test-method> <!-- dataprovider -->
        <test-method signature="dataprovider(java.lang.String,java.lang.String)[pri:0, instance:com.sai.test.Dataproviderdemo2@747ddf94]" started-at="2024-11-11T15:14:47 IST" name="dataprovider" data-provider="testingData" finished-at="2024-11-11T15:14:56 IST" duration-ms="9484" status="PASS">
          <params>
            <param index="0">
              <value>
                <![CDATA[Admin2]]>
              </value>
            </param>
            <param index="1">
              <value>
                <![CDATA[test123]]>
              </value>
            </param>
          </params>
          <reporter-output>
          </reporter-output>
        </test-method> <!-- dataprovider -->
        <test-method signature="dataprovider(java.lang.String,java.lang.String)[pri:0, instance:com.sai.test.Dataproviderdemo2@747ddf94]" started-at="2024-11-11T15:14:55 IST" name="dataprovider" data-provider="testingData" finished-at="2024-11-11T15:15:04 IST" duration-ms="9635" status="PASS">
          <params>
            <param index="0">
              <value>
                <![CDATA[Admin1]]>
              </value>
            </param>
            <param index="1">
              <value>
                <![CDATA[admin123]]>
              </value>
            </param>
          </params>
          <reporter-output>
          </reporter-output>
        </test-method> <!-- dataprovider -->
        <test-method signature="dataprovider(java.lang.String,java.lang.String)[pri:0, instance:com.sai.test.Dataproviderdemo2@747ddf94]" started-at="2024-11-11T15:14:56 IST" name="dataprovider" data-provider="testingData" finished-at="2024-11-11T15:15:07 IST" duration-ms="10437" status="PASS">
          <params>
            <param index="0">
              <value>
                <![CDATA[Admin1]]>
              </value>
            </param>
            <param index="1">
              <value>
                <![CDATA[test123]]>
              </value>
            </param>
          </params>
          <reporter-output>
          </reporter-output>
        </test-method> <!-- dataprovider -->
      </class> <!-- com.sai.test.Dataproviderdemo2 -->
    </test> <!-- Test -->
  </suite> <!-- Suite -->
</testng-results>
