<?xml version="1.0" encoding="UTF-8"?>
<!-- Generated by org.testng.reporters.JUnitXMLReporter -->
<testsuite ignored="0" hostname="LIN76005271" failures="0" tests="6" name="test booking " time="0.104" errors="0" timestamp="2024-11-10T19:37:03 IST">
  <testcase classname="com.sai.test.FlightBookingTest" name="booktheflight" time="0.012"/>
  <testcase classname="com.sai.test.FlightBookingTest" name="logOut" time="0.001"/>
  <testcase classname="com.sai.test.FlightBookingTest" name="login" time="0.002"/>
  <testcase classname="com.sai.test.FlightBookingTest" name="saveTheTicket" time="0.001"/>
  <testcase classname="com.sai.test.FlightBookingTest" name="searchfortheflight" time="0.001"/>
  <testcase classname="com.sai.test.FlightBookingTest" name="signup" time="0.001"/>
</testsuite> <!-- test booking  -->
